<class 'list'>
Number of repos: 10
Analyzing repo goldbergyoni/nodebestpractices...
Number of issues: 79
Analyzing repo nestjs/nest...
Number of issues: 52
Analyzing repo DovAmir/awesome-design-patterns...
Number of issues: 20
Analyzing repo apache/dubbo...
Number of issues: 100
Analyzing repo Kong/kong...
Number of issues: 100
Analyzing repo istio/istio...
Number of issues: 100
Analyzing repo karanpratapsingh/system-design...
Number of issues: 2
Analyzing repo alibaba/nacos...
Number of issues: 100
Analyzing repo zeromicro/go-zero...
Number of issues: 100
Analyzing repo backstage/backstage...
Number of issues: 100
Number of bug reports: 753
Top Bug Reports:
- Node (2 occurrences)
- Update README.hebrew.md (2 occurrences)
- Update README.md (2 occurrences)
- [Q/A][Java SDK (Component)] Configured in XML mode, native-image fails to start after generation (2 occurrences)
- help (1 occurrences)