Processing repository: GoogleCloudPlatform/microservices-demo

Processing repository: microservices-patterns/ftgo-application

Processing repository: instana/robot-shop

Processing repository: paulc4/microservices-demo

Processing repository: microservices-demo/carts

Processing repository: dotnet-architecture/eShopOnContainers

Processing repository: mehdihadeli/food-delivery-microservices

Processing repository: begmaroman/go-micro-boilerplate

Processing repository: mehdihadeli/game-leaderboard-microservices
No issues found for mehdihadeli/game-leaderboard-microservices

Repository Metrics Data:
                    owner                         repo  stars  size_kb  contributors  avg_resolution_time_hours  avg_response_time_hours
0     GoogleCloudPlatform           microservices-demo  17601    35516           122                 194.463750                18.257222
1  microservices-patterns             ftgo-application   3516     1144             3                 243.850630                57.252180
2                 instana                   robot-shop    894   105605            19                1033.437796                63.560148
3                  paulc4           microservices-demo    897     1355             4                5310.071667              1310.140389
4      microservices-demo                        carts     42       91            12                1455.544537              1175.109028
5     dotnet-architecture            eShopOnContainers  24524   661091           168                 635.395199               467.817842
6             mehdihadeli  food-delivery-microservices    843     5288             6                 671.339975               191.822796
7              begmaroman         go-micro-boilerplate    269      378             1                1145.320111               137.000913

Spearman correlation between stars and avg resolution time: -0.667 (p-value: 0.071)
Spearman correlation between stars and avg response time: -0.310 (p-value: 0.456)

Spearman correlation between size_kb and avg resolution time: -0.476 (p-value: 0.233)
Spearman correlation between size_kb and avg response time: -0.214 (p-value: 0.610)

Spearman correlation between contributors and avg resolution time: -0.381 (p-value: 0.352)
Spearman correlation between contributors and avg response time: -0.048 (p-value: 0.911)

Analyzing PR file types for repository: GoogleCloudPlatform/microservices-demo
File Type Distribution (in %):
  java: 0.35%
  tf: 3.94%
  yaml: 24.45%
  py: 2.14%
  no_extension: 11.94%
  mod: 6.65%
  sum: 6.43%
  csproj: 2.41%
  txt: 5.21%
  sh: 1.40%
  deploystack/test: 0.13%
  github/codeowners: 0.17%
  md: 4.24%
  yml: 0.74%
  json5: 0.17%
  proto: 0.26%
  cs: 0.70%
  js: 0.66%
  go: 3.06%
  html: 2.84%
  in: 7.44%
  json: 6.78%
  gradle: 1.62%
  properties: 0.48%
  tfvars: 0.17%
  css: 0.66%
  ansible/hosts: 0.04%
  png: 0.48%
  lock: 0.22%
  gitmodules: 0.04%
  debug: 0.83%
  gitignore: 0.61%
  prettierrc: 0.04%
  xml: 0.04%
  bat: 0.26%
  dockerignore: 0.22%
  toml: 0.17%
  jar: 0.13%
  dockerfile: 0.04%
  svg: 1.71%
  pip: 0.09%

Analyzing PR file types for repository: microservices-patterns/ftgo-application
File Type Distribution (in %):
  gitignore: 0.35%
  gradle: 18.86%
  groovy: 1.04%
  java: 51.56%
  json: 1.38%
  properties: 7.61%
  adoc: 0.35%
  sh: 6.06%
  yml: 5.54%
  sql: 3.11%
  no_extension: 3.98%
  gz: 0.17%

Analyzing PR file types for repository: instana/robot-shop
File Type Distribution (in %):
  no_extension: 7.84%
  xml: 0.93%
  env: 1.31%
  gitignore: 0.81%
  sh: 6.41%
  json: 11.14%
  yaml: 34.60%
  js: 4.11%
  yml: 2.43%
  mod: 0.37%
  sum: 0.31%
  go: 0.87%
  work: 0.06%
  py: 1.99%
  md: 2.99%
  sql: 0.12%
  gz: 0.06%
  txt: 1.18%
  htaccess: 0.44%
  php: 4.98%
  gitkeep: 0.68%
  ini: 0.37%
  conf: 0.50%
  java: 1.74%
  properties: 0.81%
  template: 1.18%
  key: 4.23%
  png: 2.92%
  html: 1.56%
  jar: 0.19%
  key1: 0.12%
  jpg: 1.80%
  css: 0.12%
  npmignore: 0.06%
  ts: 0.31%
  template_local: 0.06%
  tracing: 0.06%
  gradle: 0.12%
  bat: 0.06%
  pyc: 0.06%
  toml: 0.06%

Analyzing PR file types for repository: paulc4/microservices-demo
File Type Distribution (in %):
  no_extension: 9.09%
  md: 27.27%
  gitignore: 18.18%
  gradle: 9.09%
  properties: 9.09%
  xml: 9.09%
  java: 9.09%
  yml: 9.09%

Analyzing PR file types for repository: microservices-demo/carts
File Type Distribution (in %):
  yaml: 2.33%
  xml: 5.43%
  yml: 7.75%
  sh: 7.75%
  java: 39.53%
  py: 16.28%
  properties: 5.43%
  json: 3.88%
  no_extension: 5.43%
  md: 2.33%
  enc: 1.55%
  js: 1.55%
  gitignore: 0.78%

Analyzing PR file types for repository: dotnet-architecture/eShopOnContainers
File Type Distribution (in %):
  editorconfig: 0.04%
  yml: 3.87%
  gitignore: 0.14%
  md: 1.16%
  env: 0.13%
  yaml: 10.99%
  cs: 39.32%
  shopping/aggregator/dockerfile: 0.34%
  develop: 0.95%
  csproj: 5.08%
  json: 5.16%
  props: 0.02%
  config: 0.87%
  js: 0.74%
  html: 0.49%
  api/dockerfile: 1.21%
  backgroundtasks/dockerfile: 0.18%
  signalrhub/dockerfile: 0.19%
  no_extension: 0.89%
  cshtml: 1.56%
  ts: 1.99%
  scss: 0.73%
  lock: 0.29%
  ico: 0.15%
  css: 0.97%
  map: 0.30%
  sln: 0.39%
  ps1: 1.07%
  csv: 0.32%
  ipynb: 0.00%
  txt: 1.64%
  pfx: 0.06%
  helmignore: 1.17%
  tpl: 2.27%
  sh: 0.22%
  zip: 0.15%
  jwk: 0.00%
  dockerignore: 0.13%
  testsettings: 0.03%
  xml: 2.98%
  sfproj: 0.26%
  cmd: 0.07%
  png: 7.16%
  conf: 0.02%
  6/schema566625515: 0.01%
  6/schema629255130: 0.01%
  info: 0.03%
  xaml: 0.53%
  resx: 0.04%
  jpg: 0.81%
  plist: 0.15%
  storyboard: 0.05%
  ios/itunesartwork: 0.05%
  ios/itunesartwork@2x: 0.05%
  proto: 0.09%
  dcproj: 0.05%
  webtest: 0.40%
  loadtest: 0.09%
  defaults: 0.02%
  eot: 0.22%
  svg: 0.48%
  ttf: 0.28%
  woff: 0.20%
  woff2: 0.20%
  jpeg: 0.00%
  bat: 0.02%
  tf: 0.01%
  npmignore: 0.02%
  gitkeep: 0.03%
  runsettings: 0.01%
  feature: 0.01%
  xlsx: 0.01%
  axml: 0.08%
  bak: 0.02%
  appxmanifest: 0.04%
  xib: 0.02%
  csx: 0.02%
  pem: 0.00%
  pdf: 0.12%
  epub: 0.04%
  mobi: 0.04%

Analyzing PR file types for repository: mehdihadeli/food-delivery-microservices
File Type Distribution (in %):
  md: 0.60%
  json: 3.82%
  yml: 2.77%
  sln: 0.27%
  cs: 61.50%
  csproj: 3.91%
  props: 2.21%
  editorconfig: 0.17%
  husky/pre-commit: 0.07%
  sh: 0.40%
  prod: 0.03%
  yaml: 1.07%
  no_extension: 0.84%
  targets: 0.05%
  bash_aliases: 0.01%
  devcontainer/dockerfile: 0.03%
  gitignore: 0.11%
  rest: 0.09%
  png: 0.07%
  sample: 0.08%
  txt: 0.05%
  config: 0.07%
  dockerfile: 0.50%
  bat: 0.04%
  jwk: 0.01%
  env: 0.44%
  js: 0.08%
  dockerignore: 0.12%
  gitattributes: 0.01%
  husky/commit-msg: 0.03%
  html: 19.81%
  xml: 0.03%
  svg: 0.62%
  htm: 0.03%
  info: 0.03%
  css: 0.03%

Analyzing PR file types for repository: begmaroman/go-micro-boilerplate
File Type Distribution (in %):
  example: 2.63%
  gitignore: 2.63%
  no_extension: 10.53%
  md: 2.63%
  yaml: 23.68%
  mod: 2.63%
  sum: 2.63%
  go: 36.84%
  tf: 15.79%

Analyzing PR file types for repository: mehdihadeli/game-leaderboard-microservices
File Type Distribution (in %):
  json: 3.57%
  yaml: 2.38%
  devcontainer/dockerfile: 0.60%
  sh: 1.79%
  dockerignore: 0.60%
  editorconfig: 0.60%
  gitattributes: 0.60%
  yml: 0.60%
  gitignore: 0.60%
  husky/commit-msg: 0.60%
  husky/pre-commit: 0.60%
  no_extension: 0.60%
  md: 0.60%
  js: 0.60%
  sample: 0.60%
  sln: 0.60%
  config: 0.60%
  csproj: 4.76%
  cs: 79.17%